Using pre-set license
Built from '2021.3/staging' branch; Version is '2021.3.8f1 (b30333d56e81) revision 11731763'; Using compiler version '192829333'; Build Type 'Release'
OS: 'Windows 10  (10.0.19044) 64bit Professional' Language: 'en' Physical Memory: 16317 MB
BatchMode: 1, IsHumanControllingUs: 0, StartBugReporterOnCrash: 0, Is64bit: 1, IsPro: 1

COMMAND LINE ARGUMENTS:
C:\Program Files\Unity\Hub\Editor\2021.3.8f1\Editor\Unity.exe
-adb2
-batchMode
-noUpm
-name
AssetImportWorker1
-projectPath
D:/Github Repos/HSB
-logFile
Logs/AssetImportWorker1.log
-srvPort
51883
Successfully changed project path to: D:/Github Repos/HSB
D:/Github Repos/HSB
[UnityMemory] Configuration Parameters - Can be set up in boot.config
    "memorysetup-bucket-allocator-granularity=16"
    "memorysetup-bucket-allocator-bucket-count=8"
    "memorysetup-bucket-allocator-block-size=33554432"
    "memorysetup-bucket-allocator-block-count=8"
    "memorysetup-main-allocator-block-size=16777216"
    "memorysetup-thread-allocator-block-size=16777216"
    "memorysetup-gfx-main-allocator-block-size=16777216"
    "memorysetup-gfx-thread-allocator-block-size=16777216"
    "memorysetup-cache-allocator-block-size=4194304"
    "memorysetup-typetree-allocator-block-size=2097152"
    "memorysetup-profiler-bucket-allocator-granularity=16"
    "memorysetup-profiler-bucket-allocator-bucket-count=8"
    "memorysetup-profiler-bucket-allocator-block-size=33554432"
    "memorysetup-profiler-bucket-allocator-block-count=8"
    "memorysetup-profiler-allocator-block-size=16777216"
    "memorysetup-profiler-editor-allocator-block-size=1048576"
    "memorysetup-temp-allocator-size-main=16777216"
    "memorysetup-job-temp-allocator-block-size=2097152"
    "memorysetup-job-temp-allocator-block-size-background=1048576"
    "memorysetup-job-temp-allocator-reduction-small-platforms=262144"
    "memorysetup-temp-allocator-size-background-worker=32768"
    "memorysetup-temp-allocator-size-job-worker=262144"
    "memorysetup-temp-allocator-size-preload-manager=33554432"
    "memorysetup-temp-allocator-size-nav-mesh-worker=65536"
    "memorysetup-temp-allocator-size-audio-worker=65536"
    "memorysetup-temp-allocator-size-cloud-worker=32768"
    "memorysetup-temp-allocator-size-gi-baking-worker=262144"
    "memorysetup-temp-allocator-size-gfx=262144"
Refreshing native plugins compatible for Editor in 112.44 ms, found 4 plugins.
Preloading 0 native plugins for Editor in 0.00 ms.
Initialize engine version: 2021.3.8f1 (b30333d56e81)
[Subsystems] Discovering subsystems at path C:/Program Files/Unity/Hub/Editor/2021.3.8f1/Editor/Data/Resources/UnitySubsystems
[Subsystems] Discovering subsystems at path D:/Github Repos/HSB/Assets
GfxDevice: creating device client; threaded=0; jobified=0
Direct3D:
    Version:  Direct3D 11.0 [level 11.1]
    Renderer: NVIDIA GeForce GTX 970 (ID=0x13c2)
    Vendor:   NVIDIA
    VRAM:     4043 MB
    Driver:   30.0.15.1215
Initialize mono
Mono path[0] = 'C:/Program Files/Unity/Hub/Editor/2021.3.8f1/Editor/Data/Managed'
Mono path[1] = 'C:/Program Files/Unity/Hub/Editor/2021.3.8f1/Editor/Data/MonoBleedingEdge/lib/mono/unityjit-win32'
Mono config path = 'C:/Program Files/Unity/Hub/Editor/2021.3.8f1/Editor/Data/MonoBleedingEdge/etc'
Using monoOptions --debugger-agent=transport=dt_socket,embedding=1,server=y,suspend=n,address=127.0.0.1:56564
Begin MonoManager ReloadAssembly
Registering precompiled unity dll's ...
Register platform support module: C:/Program Files/Unity/Hub/Editor/2021.3.8f1/Editor/Data/PlaybackEngines/WebGLSupport/UnityEditor.WebGL.Extensions.dll
Register platform support module: C:/Program Files/Unity/Hub/Editor/2021.3.8f1/Editor/Data/PlaybackEngines/WindowsStandaloneSupport/UnityEditor.WindowsStandalone.Extensions.dll
Registered in 0.015835 seconds.
Native extension for WindowsStandalone target not found
Native extension for WebGL target not found
Refreshing native plugins compatible for Editor in 100.02 ms, found 4 plugins.
Preloading 0 native plugins for Editor in 0.00 ms.
Mono: successfully reloaded assembly
- Completed reload, in  0.762 seconds
Domain Reload Profiling:
	ReloadAssembly (762ms)
		BeginReloadAssembly (93ms)
			ExecutionOrderSort (0ms)
			DisableScriptedObjects (0ms)
			BackupInstance (0ms)
			ReleaseScriptingObjects (0ms)
			CreateAndSetChildDomain (1ms)
		EndReloadAssembly (515ms)
			LoadAssemblies (89ms)
			RebuildTransferFunctionScriptingTraits (0ms)
			SetupTypeCache (108ms)
			ReleaseScriptCaches (0ms)
			RebuildScriptCaches (31ms)
			SetupLoadedEditorAssemblies (316ms)
				LogAssemblyErrors (0ms)
				InitializePlatformSupportModulesInManaged (12ms)
				SetLoadedEditorAssemblies (0ms)
				RefreshPlugins (100ms)
				BeforeProcessingInitializeOnLoad (1ms)
				ProcessInitializeOnLoadAttributes (151ms)
				ProcessInitializeOnLoadMethodAttributes (52ms)
				AfterProcessingInitializeOnLoad (0ms)
				EditorAssembliesLoaded (0ms)
			ExecutionOrderSort2 (0ms)
			AwakeInstancesAfterBackupRestoration (0ms)
Platform modules already initialized, skipping
Registering precompiled user dll's ...
Registered in 0.009751 seconds.
Begin MonoManager ReloadAssembly
Native extension for WindowsStandalone target not found
Native extension for WebGL target not found
Refreshing native plugins compatible for Editor in 106.36 ms, found 4 plugins.
Preloading 0 native plugins for Editor in 0.00 ms.
Mono: successfully reloaded assembly
- Completed reload, in  1.285 seconds
Domain Reload Profiling:
	ReloadAssembly (1286ms)
		BeginReloadAssembly (133ms)
			ExecutionOrderSort (0ms)
			DisableScriptedObjects (7ms)
			BackupInstance (0ms)
			ReleaseScriptingObjects (0ms)
			CreateAndSetChildDomain (19ms)
		EndReloadAssembly (1010ms)
			LoadAssemblies (112ms)
			RebuildTransferFunctionScriptingTraits (0ms)
			SetupTypeCache (262ms)
			ReleaseScriptCaches (1ms)
			RebuildScriptCaches (59ms)
			SetupLoadedEditorAssemblies (540ms)
				LogAssemblyErrors (0ms)
				InitializePlatformSupportModulesInManaged (8ms)
				SetLoadedEditorAssemblies (0ms)
				RefreshPlugins (106ms)
				BeforeProcessingInitializeOnLoad (106ms)
				ProcessInitializeOnLoadAttributes (257ms)
				ProcessInitializeOnLoadMethodAttributes (47ms)
				AfterProcessingInitializeOnLoad (14ms)
				EditorAssembliesLoaded (0ms)
			ExecutionOrderSort2 (0ms)
			AwakeInstancesAfterBackupRestoration (6ms)
Platform modules already initialized, skipping
========================================================================
Worker process is ready to serve import requests
Launched and connected shader compiler UnityShaderCompiler.exe after 0.05 seconds
Refreshing native plugins compatible for Editor in 0.93 ms, found 4 plugins.
Preloading 0 native plugins for Editor in 0.00 ms.
Unloading 4091 Unused Serialized files (Serialized files now loaded: 0)
Unloading 38 unused Assets / (55.2 KB). Loaded Objects now: 4550.
Memory consumption went from 152.2 MB to 152.1 MB.
Total: 4.382900 ms (FindLiveObjects: 0.442400 ms CreateObjectMapping: 0.117900 ms MarkObjects: 3.724000 ms  DeleteObjects: 0.097400 ms)

AssetImportParameters requested are different than current active one (requested -> active):
  custom:video-decoder-ogg-theora: a1e56fd34408186e4bbccfd4996cb3dc -> 
  custom:container-muxer-webm: aa71ff27fc2769a1b78a27578f13a17b -> 
  custom:container-demuxer-webm: 4f35f7cbe854078d1ac9338744f61a02 -> 
  custom:video-encoder-webm-vp8: eb34c28f22e8b96e1ab97ce403110664 -> 
  custom:audio-encoder-webm-vorbis: bf7c407c2cedff20999df2af8eb42d56 -> 
  custom:framework-win-MediaFoundation: 216162199b28c13a410421893ffa2e32 -> 
  custom:container-demuxer-ogg: 62fdf1f143b41e24485cea50d1cbac27 -> 
  custom:video-decoder-webm-vp8: 9c59270c3fd7afecdb556c50c9e8de78 -> 
  custom:audio-decoder-ogg-vorbis: bf7c407c2cedff20999df2af8eb42d56 -> 
========================================================================
Received Import Request.
  Time since last request: 1372723.238972 seconds.
  path: Assets/Prefab/Fighter Object.prefab
  artifactKey: Guid(5eb09603fd896ed4bb16435d222ab45a) Importer(815301076,1909f56bfc062723c751e8b465ee728b)
Start importing Assets/Prefab/Fighter Object.prefab using Guid(5eb09603fd896ed4bb16435d222ab45a) Importer(815301076,1909f56bfc062723c751e8b465ee728b)  -> (artifact id: '649983e2c6cb17553f1e17d098131d5c') in 0.183078 seconds 
========================================================================
Received Import Request.
  Time since last request: 0.000028 seconds.
  path: Assets/Prefab/Fighter Object 3.prefab
  artifactKey: Guid(7caa66545a9f808499f1f1e0e274cfc8) Importer(815301076,1909f56bfc062723c751e8b465ee728b)
Start importing Assets/Prefab/Fighter Object 3.prefab using Guid(7caa66545a9f808499f1f1e0e274cfc8) Importer(815301076,1909f56bfc062723c751e8b465ee728b)  -> (artifact id: '45c1fe1073c5ba5e916047631a9fb262') in 0.032847 seconds 
========================================================================
Received Prepare
Registering precompiled user dll's ...
Registered in 0.009539 seconds.
Begin MonoManager ReloadAssembly
Native extension for WindowsStandalone target not found
Native extension for WebGL target not found
Refreshing native plugins compatible for Editor in 1.10 ms, found 4 plugins.
Preloading 0 native plugins for Editor in 0.00 ms.
Mono: successfully reloaded assembly
- Completed reload, in  1.191 seconds
Domain Reload Profiling:
	ReloadAssembly (1192ms)
		BeginReloadAssembly (161ms)
			ExecutionOrderSort (0ms)
			DisableScriptedObjects (8ms)
			BackupInstance (0ms)
			ReleaseScriptingObjects (0ms)
			CreateAndSetChildDomain (44ms)
		EndReloadAssembly (897ms)
			LoadAssemblies (123ms)
			RebuildTransferFunctionScriptingTraits (0ms)
			SetupTypeCache (266ms)
			ReleaseScriptCaches (2ms)
			RebuildScriptCaches (56ms)
			SetupLoadedEditorAssemblies (410ms)
				LogAssemblyErrors (0ms)
				InitializePlatformSupportModulesInManaged (18ms)
				SetLoadedEditorAssemblies (1ms)
				RefreshPlugins (1ms)
				BeforeProcessingInitializeOnLoad (91ms)
				ProcessInitializeOnLoadAttributes (234ms)
				ProcessInitializeOnLoadMethodAttributes (48ms)
				AfterProcessingInitializeOnLoad (17ms)
				EditorAssembliesLoaded (0ms)
			ExecutionOrderSort2 (0ms)
			AwakeInstancesAfterBackupRestoration (9ms)
Platform modules already initialized, skipping
Refreshing native plugins compatible for Editor in 3.32 ms, found 4 plugins.
Preloading 0 native plugins for Editor in 0.00 ms.
Unloading 4080 Unused Serialized files (Serialized files now loaded: 0)
Unloading 27 unused Assets / (25.6 KB). Loaded Objects now: 4560.
Memory consumption went from 155.9 MB to 155.8 MB.
Total: 3.689600 ms (FindLiveObjects: 0.328900 ms CreateObjectMapping: 0.094000 ms MarkObjects: 3.205000 ms  DeleteObjects: 0.060100 ms)

AssetImportParameters requested are different than current active one (requested -> active):
  custom:video-decoder-ogg-theora: a1e56fd34408186e4bbccfd4996cb3dc -> 
  custom:container-muxer-webm: aa71ff27fc2769a1b78a27578f13a17b -> 
  custom:container-demuxer-webm: 4f35f7cbe854078d1ac9338744f61a02 -> 
  custom:video-encoder-webm-vp8: eb34c28f22e8b96e1ab97ce403110664 -> 
  custom:audio-encoder-webm-vorbis: bf7c407c2cedff20999df2af8eb42d56 -> 
  custom:framework-win-MediaFoundation: 216162199b28c13a410421893ffa2e32 -> 
  custom:container-demuxer-ogg: 62fdf1f143b41e24485cea50d1cbac27 -> 
  custom:video-decoder-webm-vp8: 9c59270c3fd7afecdb556c50c9e8de78 -> 
  custom:audio-decoder-ogg-vorbis: bf7c407c2cedff20999df2af8eb42d56 -> 
========================================================================
Received Prepare
Registering precompiled user dll's ...
Registered in 0.008863 seconds.
Begin MonoManager ReloadAssembly
Native extension for WindowsStandalone target not found
Native extension for WebGL target not found
Refreshing native plugins compatible for Editor in 0.83 ms, found 4 plugins.
Preloading 0 native plugins for Editor in 0.00 ms.
Mono: successfully reloaded assembly
- Completed reload, in  1.159 seconds
Domain Reload Profiling:
	ReloadAssembly (1160ms)
		BeginReloadAssembly (153ms)
			ExecutionOrderSort (0ms)
			DisableScriptedObjects (8ms)
			BackupInstance (0ms)
			ReleaseScriptingObjects (0ms)
			CreateAndSetChildDomain (39ms)
		EndReloadAssembly (881ms)
			LoadAssemblies (123ms)
			RebuildTransferFunctionScriptingTraits (0ms)
			SetupTypeCache (257ms)
			ReleaseScriptCaches (2ms)
			RebuildScriptCaches (55ms)
			SetupLoadedEditorAssemblies (399ms)
				LogAssemblyErrors (0ms)
				InitializePlatformSupportModulesInManaged (17ms)
				SetLoadedEditorAssemblies (1ms)
				RefreshPlugins (1ms)
				BeforeProcessingInitializeOnLoad (85ms)
				ProcessInitializeOnLoadAttributes (236ms)
				ProcessInitializeOnLoadMethodAttributes (46ms)
				AfterProcessingInitializeOnLoad (14ms)
				EditorAssembliesLoaded (0ms)
			ExecutionOrderSort2 (0ms)
			AwakeInstancesAfterBackupRestoration (10ms)
Platform modules already initialized, skipping
Refreshing native plugins compatible for Editor in 3.16 ms, found 4 plugins.
Preloading 0 native plugins for Editor in 0.00 ms.
Unloading 4080 Unused Serialized files (Serialized files now loaded: 0)
Unloading 25 unused Assets / (24.6 KB). Loaded Objects now: 4563.
Memory consumption went from 155.9 MB to 155.9 MB.
Total: 3.523200 ms (FindLiveObjects: 0.366000 ms CreateObjectMapping: 0.093200 ms MarkObjects: 3.029500 ms  DeleteObjects: 0.033100 ms)

AssetImportParameters requested are different than current active one (requested -> active):
  custom:video-decoder-ogg-theora: a1e56fd34408186e4bbccfd4996cb3dc -> 
  custom:container-muxer-webm: aa71ff27fc2769a1b78a27578f13a17b -> 
  custom:container-demuxer-webm: 4f35f7cbe854078d1ac9338744f61a02 -> 
  custom:video-encoder-webm-vp8: eb34c28f22e8b96e1ab97ce403110664 -> 
  custom:audio-encoder-webm-vorbis: bf7c407c2cedff20999df2af8eb42d56 -> 
  custom:framework-win-MediaFoundation: 216162199b28c13a410421893ffa2e32 -> 
  custom:container-demuxer-ogg: 62fdf1f143b41e24485cea50d1cbac27 -> 
  custom:video-decoder-webm-vp8: 9c59270c3fd7afecdb556c50c9e8de78 -> 
  custom:audio-decoder-ogg-vorbis: bf7c407c2cedff20999df2af8eb42d56 -> 
========================================================================
Received Import Request.
  Time since last request: 357.656668 seconds.
  path: Assets/Animations/Sprite Library/Character2.spriteLib
  artifactKey: Guid(da514d5b48a734c4db397a5ec686b05c) Importer(815301076,1909f56bfc062723c751e8b465ee728b)
Start importing Assets/Animations/Sprite Library/Character2.spriteLib using Guid(da514d5b48a734c4db397a5ec686b05c) Importer(815301076,1909f56bfc062723c751e8b465ee728b)  -> (artifact id: '950e6cdc68a01848fd6469f4093f43f5') in 0.034122 seconds 
========================================================================
Received Import Request.
  Time since last request: 50.699745 seconds.
  path: Assets/Animations/Sprite Library/Character2.spriteLib
  artifactKey: Guid(da514d5b48a734c4db397a5ec686b05c) Importer(815301076,1909f56bfc062723c751e8b465ee728b)
Start importing Assets/Animations/Sprite Library/Character2.spriteLib using Guid(da514d5b48a734c4db397a5ec686b05c) Importer(815301076,1909f56bfc062723c751e8b465ee728b)  -> (artifact id: '5febbbe1ed404723a25f17acdfe65207') in 0.105991 seconds 
========================================================================
Received Import Request.
  Time since last request: 76.203491 seconds.
  path: Assets/Sprites/BillyNoMates/Ball kicking.png
  artifactKey: Guid(29f41cedf3c29ad40af3a7d6e8b41d47) Importer(815301076,1909f56bfc062723c751e8b465ee728b)
Start importing Assets/Sprites/BillyNoMates/Ball kicking.png using Guid(29f41cedf3c29ad40af3a7d6e8b41d47) Importer(815301076,1909f56bfc062723c751e8b465ee728b)  -> (artifact id: '5e2ba9f9dd6a2cdc978cfade88d54574') in 0.719842 seconds 
========================================================================
Received Import Request.
  Time since last request: 0.000025 seconds.
  path: Assets/Sprites/BillyNoMates/Jumping Swing.png
  artifactKey: Guid(cdf271502e20ec3439fd5c9f058dbe56) Importer(815301076,1909f56bfc062723c751e8b465ee728b)
Start importing Assets/Sprites/BillyNoMates/Jumping Swing.png using Guid(cdf271502e20ec3439fd5c9f058dbe56) Importer(815301076,1909f56bfc062723c751e8b465ee728b)  -> (artifact id: 'd14c564e79518231ce23e50fa235aa38') in 0.268015 seconds 
========================================================================
Received Import Request.
  Time since last request: 0.000039 seconds.
  path: Assets/Sprites/BillyNoMates/Standing jump kick.png
  artifactKey: Guid(4bb5e22dee7505340b65541082069e66) Importer(815301076,1909f56bfc062723c751e8b465ee728b)
Start importing Assets/Sprites/BillyNoMates/Standing jump kick.png using Guid(4bb5e22dee7505340b65541082069e66) Importer(815301076,1909f56bfc062723c751e8b465ee728b)  -> (artifact id: '0bda630c8643f1c7f6609c87837543de') in 0.153802 seconds 
========================================================================
Received Import Request.
  Time since last request: 0.000018 seconds.
  path: Assets/Sprites/BillyNoMates/Standing Block.png
  artifactKey: Guid(b0c75d1a71211874ab17b832276ab2f2) Importer(815301076,1909f56bfc062723c751e8b465ee728b)
Start importing Assets/Sprites/BillyNoMates/Standing Block.png using Guid(b0c75d1a71211874ab17b832276ab2f2) Importer(815301076,1909f56bfc062723c751e8b465ee728b)  -> (artifact id: '01c6d7753621df6ba01287089b6de998') in 0.210347 seconds 
========================================================================
Received Import Request.
  Time since last request: 0.000026 seconds.
  path: Assets/Sprites/BillyNoMates/Standing forwards walk.png
  artifactKey: Guid(b445e84cf4b8b374186aaf04bdd4d676) Importer(815301076,1909f56bfc062723c751e8b465ee728b)
Start importing Assets/Sprites/BillyNoMates/Standing forwards walk.png using Guid(b445e84cf4b8b374186aaf04bdd4d676) Importer(815301076,1909f56bfc062723c751e8b465ee728b)  -> (artifact id: '3b362e4ceb9d9dcc5f36330148fce9eb') in 0.279582 seconds 
========================================================================
Received Import Request.
  Time since last request: 0.000028 seconds.
  path: Assets/Sprites/BillyNoMates/Breathing Fire.png
  artifactKey: Guid(5f211846ba5e9664d8a0b06c785a890e) Importer(815301076,1909f56bfc062723c751e8b465ee728b)
Start importing Assets/Sprites/BillyNoMates/Breathing Fire.png using Guid(5f211846ba5e9664d8a0b06c785a890e) Importer(815301076,1909f56bfc062723c751e8b465ee728b)  -> (artifact id: 'b38cf1ac7c5009d6b2c2f4fc4656607e') in 0.298497 seconds 
========================================================================
Received Import Request.
  Time since last request: 0.000020 seconds.
  path: Assets/Sprites/BillyNoMates/Standing backwars walk.png
  artifactKey: Guid(2624000c9259e3d459dd2d060e4e3bfd) Importer(815301076,1909f56bfc062723c751e8b465ee728b)
Start importing Assets/Sprites/BillyNoMates/Standing backwars walk.png using Guid(2624000c9259e3d459dd2d060e4e3bfd) Importer(815301076,1909f56bfc062723c751e8b465ee728b)  -> (artifact id: 'aa7f830a2ffea41be2531aad1dfff80a') in 0.156049 seconds 
========================================================================
Received Import Request.
  Time since last request: 0.000026 seconds.
  path: Assets/Sprites/BillyNoMates/Crouch block.png
  artifactKey: Guid(f5b28d9eb719090408f808173a6c6e8a) Importer(815301076,1909f56bfc062723c751e8b465ee728b)
Start importing Assets/Sprites/BillyNoMates/Crouch block.png using Guid(f5b28d9eb719090408f808173a6c6e8a) Importer(815301076,1909f56bfc062723c751e8b465ee728b)  -> (artifact id: '817a685264842cf709e2897ceb9d9c71') in 0.130983 seconds 
========================================================================
Received Import Request.
  Time since last request: 0.000021 seconds.
  path: Assets/Sprites/BillyNoMates/Crouch to Standing.png
  artifactKey: Guid(437a34a88a8e2e444a6fb0278038d44f) Importer(815301076,1909f56bfc062723c751e8b465ee728b)
Start importing Assets/Sprites/BillyNoMates/Crouch to Standing.png using Guid(437a34a88a8e2e444a6fb0278038d44f) Importer(815301076,1909f56bfc062723c751e8b465ee728b)  -> (artifact id: 'fa11a7ca9de8693592e61533efff2af5') in 0.217822 seconds 
========================================================================
Received Import Request.
  Time since last request: 0.000020 seconds.
  path: Assets/Sprites/BillyNoMates/Crouch Punch.png
  artifactKey: Guid(4bc203b329653014387e70b91904b263) Importer(815301076,1909f56bfc062723c751e8b465ee728b)
Start importing Assets/Sprites/BillyNoMates/Crouch Punch.png using Guid(4bc203b329653014387e70b91904b263) Importer(815301076,1909f56bfc062723c751e8b465ee728b)  -> (artifact id: '53268b32b09cb064e57daf7f4a77af0a') in 0.172461 seconds 
========================================================================
Received Import Request.
  Time since last request: 0.000030 seconds.
  path: Assets/Sprites/BillyNoMates/Batting action.png
  artifactKey: Guid(dcd57519765eadb49a1339dc46ee9e78) Importer(815301076,1909f56bfc062723c751e8b465ee728b)
Start importing Assets/Sprites/BillyNoMates/Batting action.png using Guid(dcd57519765eadb49a1339dc46ee9e78) Importer(815301076,1909f56bfc062723c751e8b465ee728b)  -> (artifact id: 'c9fee099ae6806ff695af4aec1f488cc') in 0.205760 seconds 
========================================================================
Received Import Request.
  Time since last request: 0.000024 seconds.
  path: Assets/Sprites/BillyNoMates/Crouching Idel.png
  artifactKey: Guid(f917f48031d8e1749833f22e2ddf57b8) Importer(815301076,1909f56bfc062723c751e8b465ee728b)
Start importing Assets/Sprites/BillyNoMates/Crouching Idel.png using Guid(f917f48031d8e1749833f22e2ddf57b8) Importer(815301076,1909f56bfc062723c751e8b465ee728b)  -> (artifact id: '3edae7c09443f168aabc7d5f3ee0401e') in 0.215383 seconds 
========================================================================
Received Import Request.
  Time since last request: 308.423204 seconds.
  path: Assets/Sprites/Max/Standing punch.png
  artifactKey: Guid(859f7fd1c4680fe42a8c156742a20483) Importer(815301076,1909f56bfc062723c751e8b465ee728b)
Start importing Assets/Sprites/Max/Standing punch.png using Guid(859f7fd1c4680fe42a8c156742a20483) Importer(815301076,1909f56bfc062723c751e8b465ee728b)  -> (artifact id: 'af7cbfc21694dd320a15b47b43512146') in 0.610685 seconds 
========================================================================
Received Import Request.
  Time since last request: 0.000026 seconds.
  path: Assets/Sprites/Headmaster/Standing Idel.png
  artifactKey: Guid(4c4cc3beb85b39944bf4aee94dfe7d1f) Importer(815301076,1909f56bfc062723c751e8b465ee728b)
Start importing Assets/Sprites/Headmaster/Standing Idel.png using Guid(4c4cc3beb85b39944bf4aee94dfe7d1f) Importer(815301076,1909f56bfc062723c751e8b465ee728b)  -> (artifact id: '3914db46d03fcbad9ceab80b9ea13868') in 0.332797 seconds 
========================================================================
Received Import Request.
  Time since last request: 0.000030 seconds.
  path: Assets/Sprites/Blazer/Standing kick.png
  artifactKey: Guid(603e361431308f54b80011cd97a3b8dd) Importer(815301076,1909f56bfc062723c751e8b465ee728b)
Start importing Assets/Sprites/Blazer/Standing kick.png using Guid(603e361431308f54b80011cd97a3b8dd) Importer(815301076,1909f56bfc062723c751e8b465ee728b)  -> (artifact id: 'a246d243cc452536b6528b6bb43317b4') in 0.214869 seconds 
========================================================================
Received Import Request.
  Time since last request: 0.000024 seconds.
  path: Assets/Sprites/Headmaster/Jumping Belly Flop.png
  artifactKey: Guid(c4f20db1260764042b6630ca767c1ef2) Importer(815301076,1909f56bfc062723c751e8b465ee728b)
Start importing Assets/Sprites/Headmaster/Jumping Belly Flop.png using Guid(c4f20db1260764042b6630ca767c1ef2) Importer(815301076,1909f56bfc062723c751e8b465ee728b)  -> (artifact id: 'cf4affbe29cc3342effb5b6c809dc2c4') in 0.257493 seconds 
========================================================================
Received Import Request.
  Time since last request: 332.687714 seconds.
  path: Assets/Sprites/Headmaster/Standing backwars walk.png
  artifactKey: Guid(5851663a1659e1c46bae9ea4cb8bf89b) Importer(815301076,1909f56bfc062723c751e8b465ee728b)
Start importing Assets/Sprites/Headmaster/Standing backwars walk.png using Guid(5851663a1659e1c46bae9ea4cb8bf89b) Importer(815301076,1909f56bfc062723c751e8b465ee728b)  -> (artifact id: '525f3c7a483a0eba04a295a290ccc98c') in 0.685486 seconds 
========================================================================
Received Import Request.
  Time since last request: 0.000024 seconds.
  path: Assets/Sprites/Blazer/Standing backwars walk.png
  artifactKey: Guid(ea88b7bc23fe079478eb1ceffb32bf52) Importer(815301076,1909f56bfc062723c751e8b465ee728b)
Start importing Assets/Sprites/Blazer/Standing backwars walk.png using Guid(ea88b7bc23fe079478eb1ceffb32bf52) Importer(815301076,1909f56bfc062723c751e8b465ee728b)  -> (artifact id: '07fec2f82b2ad9d710b0c228ca74faa1') in 0.200512 seconds 
========================================================================
Received Import Request.
  Time since last request: 0.000029 seconds.
  path: Assets/Sprites/Headmaster/Standing forwards walk.png
  artifactKey: Guid(6db99c3d070161b418dce50b85d2a45b) Importer(815301076,1909f56bfc062723c751e8b465ee728b)
Start importing Assets/Sprites/Headmaster/Standing forwards walk.png using Guid(6db99c3d070161b418dce50b85d2a45b) Importer(815301076,1909f56bfc062723c751e8b465ee728b)  -> (artifact id: '33f001a89b3aac4f35f6a740b8a503ae') in 0.224060 seconds 
========================================================================
Received Import Request.
  Time since last request: 4.051542 seconds.
  path: Assets/Sprites/Max/Standing forwards walk.png
  artifactKey: Guid(59e81a3f1c644a64daeedcc031c9ae23) Importer(815301076,1909f56bfc062723c751e8b465ee728b)
Start importing Assets/Sprites/Max/Standing forwards walk.png using Guid(59e81a3f1c644a64daeedcc031c9ae23) Importer(815301076,1909f56bfc062723c751e8b465ee728b)  -> (artifact id: 'd9ded2191d30df062cfd09ed59f52194') in 0.335881 seconds 
========================================================================
Received Import Request.
  Time since last request: 213.250778 seconds.
  path: Assets/Sprites/Chubbernaught/Whipping arse.png
  artifactKey: Guid(142946c69b500ce45a2bb4b50d038f16) Importer(815301076,1909f56bfc062723c751e8b465ee728b)
Start importing Assets/Sprites/Chubbernaught/Whipping arse.png using Guid(142946c69b500ce45a2bb4b50d038f16) Importer(815301076,1909f56bfc062723c751e8b465ee728b)  -> (artifact id: '03429d3b2d380d056f3bd8ab2252ab5f') in 0.249330 seconds 
========================================================================
Received Import Request.
  Time since last request: 1.580216 seconds.
  path: Assets/Sprites/Janitor/Standing Headbutt.png
  artifactKey: Guid(1716857ff9b0cad40afa766306ad239d) Importer(815301076,1909f56bfc062723c751e8b465ee728b)
Start importing Assets/Sprites/Janitor/Standing Headbutt.png using Guid(1716857ff9b0cad40afa766306ad239d) Importer(815301076,1909f56bfc062723c751e8b465ee728b)  -> (artifact id: '3d72cec127ea89a9392d038a1847bafb') in 0.291852 seconds 
========================================================================
Received Import Request.
  Time since last request: 0.000023 seconds.
  path: Assets/Sprites/Headmaster/Crouching Idel.png
  artifactKey: Guid(bc7775cf48144604bb3fabc6d3d5caa9) Importer(815301076,1909f56bfc062723c751e8b465ee728b)
Start importing Assets/Sprites/Headmaster/Crouching Idel.png using Guid(bc7775cf48144604bb3fabc6d3d5caa9) Importer(815301076,1909f56bfc062723c751e8b465ee728b)  -> (artifact id: 'eb954b2ee2f0d2cb09c0bcb9b6bd33b6') in 0.330306 seconds 
========================================================================
Received Import Request.
  Time since last request: 0.000030 seconds.
  path: Assets/Sprites/Janitor/Jumping Swing.png
  artifactKey: Guid(dfb84e0b69739d74bb031d38ac344cc1) Importer(815301076,1909f56bfc062723c751e8b465ee728b)
Start importing Assets/Sprites/Janitor/Jumping Swing.png using Guid(dfb84e0b69739d74bb031d38ac344cc1) Importer(815301076,1909f56bfc062723c751e8b465ee728b)  -> (artifact id: '2044ede0017bba585a13d166dae8d137') in 0.243598 seconds 
========================================================================
Received Import Request.
  Time since last request: 0.000025 seconds.
  path: Assets/Sprites/Headmaster/Standing hight kick.png
  artifactKey: Guid(8c38cdc8d060c6940a0ed40e435f76e7) Importer(815301076,1909f56bfc062723c751e8b465ee728b)
Start importing Assets/Sprites/Headmaster/Standing hight kick.png using Guid(8c38cdc8d060c6940a0ed40e435f76e7) Importer(815301076,1909f56bfc062723c751e8b465ee728b)  -> (artifact id: 'ad8139a1993fda5dd49888955c2d3875') in 0.332884 seconds 
========================================================================
Received Import Request.
  Time since last request: 0.000032 seconds.
  path: Assets/Sprites/Chubbernaught/Standing Idel.png
  artifactKey: Guid(a1eb700389f1f4a42a6c6d79d7549184) Importer(815301076,1909f56bfc062723c751e8b465ee728b)
Start importing Assets/Sprites/Chubbernaught/Standing Idel.png using Guid(a1eb700389f1f4a42a6c6d79d7549184) Importer(815301076,1909f56bfc062723c751e8b465ee728b)  -> (artifact id: 'd3e4b0a6d931bb2f71def3d857bee6b5') in 0.180837 seconds 
========================================================================
Received Import Request.
  Time since last request: 0.000018 seconds.
  path: Assets/Sprites/Janitor/Standing punch.png
  artifactKey: Guid(db24b57c189017d4191d21aaa9b2b11e) Importer(815301076,1909f56bfc062723c751e8b465ee728b)
Start importing Assets/Sprites/Janitor/Standing punch.png using Guid(db24b57c189017d4191d21aaa9b2b11e) Importer(815301076,1909f56bfc062723c751e8b465ee728b)  -> (artifact id: '4c647c5bdc1ace169959919f83c0e04c') in 0.156888 seconds 
========================================================================
Received Import Request.
  Time since last request: 0.000022 seconds.
  path: Assets/Sprites/Headmaster/Death Animation.png
  artifactKey: Guid(4201b505ba65dc34785c6f4de291736b) Importer(815301076,1909f56bfc062723c751e8b465ee728b)
Start importing Assets/Sprites/Headmaster/Death Animation.png using Guid(4201b505ba65dc34785c6f4de291736b) Importer(815301076,1909f56bfc062723c751e8b465ee728b)  -> (artifact id: 'eac1a4063821fc2918c15c25723c3a63') in 0.199330 seconds 
========================================================================
Received Import Request.
  Time since last request: 0.000028 seconds.
  path: Assets/Sprites/Max/Jumping Swing.png
  artifactKey: Guid(c8e4a6521645c7648a383e884dda8630) Importer(815301076,1909f56bfc062723c751e8b465ee728b)
Start importing Assets/Sprites/Max/Jumping Swing.png using Guid(c8e4a6521645c7648a383e884dda8630) Importer(815301076,1909f56bfc062723c751e8b465ee728b)  -> (artifact id: 'fdbc14c29f45ef04385dea5c5ed960c1') in 0.242115 seconds 
========================================================================
Received Import Request.
  Time since last request: 0.000022 seconds.
  path: Assets/Sprites/Janitor/Crouching Idel.png
  artifactKey: Guid(ea83973dbf1686948b2cfe5a1bc54a7d) Importer(815301076,1909f56bfc062723c751e8b465ee728b)
Start importing Assets/Sprites/Janitor/Crouching Idel.png using Guid(ea83973dbf1686948b2cfe5a1bc54a7d) Importer(815301076,1909f56bfc062723c751e8b465ee728b)  -> (artifact id: 'd4c5a73e4590533c572f61f43dc1429a') in 0.215995 seconds 
========================================================================
Received Import Request.
  Time since last request: 0.000029 seconds.
  path: Assets/Sprites/Chubbernaught/Standing punch.png
  artifactKey: Guid(31ddb64ad0d4ac94e879122cf8b7429d) Importer(815301076,1909f56bfc062723c751e8b465ee728b)
Start importing Assets/Sprites/Chubbernaught/Standing punch.png using Guid(31ddb64ad0d4ac94e879122cf8b7429d) Importer(815301076,1909f56bfc062723c751e8b465ee728b)  -> (artifact id: '0c91914c0d002c1bb63816f45c6ae9ca') in 0.258244 seconds 
========================================================================
Received Import Request.
  Time since last request: 0.000025 seconds.
  path: Assets/Sprites/Max/Crouch block.png
  artifactKey: Guid(74372df0a0ce7634d974b2a00b744914) Importer(815301076,1909f56bfc062723c751e8b465ee728b)
Start importing Assets/Sprites/Max/Crouch block.png using Guid(74372df0a0ce7634d974b2a00b744914) Importer(815301076,1909f56bfc062723c751e8b465ee728b)  -> (artifact id: 'c73ff1c751e05da4b0427e3c60763911') in 0.262449 seconds 
========================================================================
Received Import Request.
  Time since last request: 0.000028 seconds.
  path: Assets/Sprites/Headmaster/Standing Block.png
  artifactKey: Guid(05c59aa75abb4234d9cf295d87b6a0f3) Importer(815301076,1909f56bfc062723c751e8b465ee728b)
Start importing Assets/Sprites/Headmaster/Standing Block.png using Guid(05c59aa75abb4234d9cf295d87b6a0f3) Importer(815301076,1909f56bfc062723c751e8b465ee728b)  -> (artifact id: 'e9d6ee94e58e1a66261eb57061fdb414') in 0.252256 seconds 
========================================================================
Received Import Request.
  Time since last request: 0.000024 seconds.
  path: Assets/Sprites/Chubbernaught/Standing Block.png
  artifactKey: Guid(49327375ef77e74498407e195a292c32) Importer(815301076,1909f56bfc062723c751e8b465ee728b)
Start importing Assets/Sprites/Chubbernaught/Standing Block.png using Guid(49327375ef77e74498407e195a292c32) Importer(815301076,1909f56bfc062723c751e8b465ee728b)  -> (artifact id: '2eb83292acb18fef7f8e659b25d75f97') in 0.228600 seconds 
========================================================================
Received Import Request.
  Time since last request: 0.000028 seconds.
  path: Assets/Sprites/Blazer/Crouching round house kick.png
  artifactKey: Guid(d5aa6558b0eb7364dbd239ede17a95d4) Importer(815301076,1909f56bfc062723c751e8b465ee728b)
Start importing Assets/Sprites/Blazer/Crouching round house kick.png using Guid(d5aa6558b0eb7364dbd239ede17a95d4) Importer(815301076,1909f56bfc062723c751e8b465ee728b)  -> (artifact id: 'd7a1e2a95fce4ebfd2facd97a98d5f7e') in 0.190670 seconds 
========================================================================
Received Import Request.
  Time since last request: 0.000024 seconds.
  path: Assets/Sprites/Chubbernaught/Jumping Swing.png
  artifactKey: Guid(302c346a3cf8f2b41a1af28050b60a3e) Importer(815301076,1909f56bfc062723c751e8b465ee728b)
Start importing Assets/Sprites/Chubbernaught/Jumping Swing.png using Guid(302c346a3cf8f2b41a1af28050b60a3e) Importer(815301076,1909f56bfc062723c751e8b465ee728b)  -> (artifact id: 'a48171e5ea0a19233a8a976db9b22b9b') in 0.237952 seconds 
========================================================================
Received Import Request.
  Time since last request: 0.000025 seconds.
  path: Assets/Sprites/Max/Standing Headbutt.png
  artifactKey: Guid(6e5c00a28e9f50046b1996f9da63b99d) Importer(815301076,1909f56bfc062723c751e8b465ee728b)
Start importing Assets/Sprites/Max/Standing Headbutt.png using Guid(6e5c00a28e9f50046b1996f9da63b99d) Importer(815301076,1909f56bfc062723c751e8b465ee728b)  -> (artifact id: '7f2d2218dafd2770c0ac756f3b4a0912') in 0.245265 seconds 
========================================================================
Received Import Request.
  Time since last request: 0.000023 seconds.
  path: Assets/Sprites/Blazer/Crouch Punch.png
  artifactKey: Guid(88231972b91d48c44be4346b70225746) Importer(815301076,1909f56bfc062723c751e8b465ee728b)
Start importing Assets/Sprites/Blazer/Crouch Punch.png using Guid(88231972b91d48c44be4346b70225746) Importer(815301076,1909f56bfc062723c751e8b465ee728b)  -> (artifact id: '374b55a8ebfcbfaa608942707cd0d580') in 0.159760 seconds 
========================================================================
Received Import Request.
  Time since last request: 0.000031 seconds.
  path: Assets/Sprites/Max/Backflip.png
  artifactKey: Guid(8302c2e92d0570a4598b79c473463c12) Importer(815301076,1909f56bfc062723c751e8b465ee728b)
Start importing Assets/Sprites/Max/Backflip.png using Guid(8302c2e92d0570a4598b79c473463c12) Importer(815301076,1909f56bfc062723c751e8b465ee728b)  -> (artifact id: '1b1bb919ef62e35d2ca6417127b52637') in 0.226960 seconds 
========================================================================
Received Import Request.
  Time since last request: 0.000020 seconds.
  path: Assets/Sprites/Janitor/Breathing Fire.png
  artifactKey: Guid(deeceb41465f5b14882963b579968d79) Importer(815301076,1909f56bfc062723c751e8b465ee728b)
Start importing Assets/Sprites/Janitor/Breathing Fire.png using Guid(deeceb41465f5b14882963b579968d79) Importer(815301076,1909f56bfc062723c751e8b465ee728b)  -> (artifact id: '2f808b56f607d50d1bbfb59788eef3df') in 0.125978 seconds 
========================================================================
Received Import Request.
  Time since last request: 0.000024 seconds.
  path: Assets/Sprites/Headmaster/Batting action.png
  artifactKey: Guid(ce43492a4bcf1bd41bd402c867f0c651) Importer(815301076,1909f56bfc062723c751e8b465ee728b)
Start importing Assets/Sprites/Headmaster/Batting action.png using Guid(ce43492a4bcf1bd41bd402c867f0c651) Importer(815301076,1909f56bfc062723c751e8b465ee728b)  -> (artifact id: '8d4d03868482fcfe8603e7c213637174') in 0.133703 seconds 
========================================================================
Received Import Request.
  Time since last request: 0.000021 seconds.
  path: Assets/Sprites/Headmaster/Backflip.png
  artifactKey: Guid(074c2d5dd3c2bbb4994acaeb2635d32c) Importer(815301076,1909f56bfc062723c751e8b465ee728b)
Start importing Assets/Sprites/Headmaster/Backflip.png using Guid(074c2d5dd3c2bbb4994acaeb2635d32c) Importer(815301076,1909f56bfc062723c751e8b465ee728b)  -> (artifact id: '92a63be1148ac08b9094d29e80204dd3') in 0.163965 seconds 
========================================================================
Received Import Request.
  Time since last request: 0.000027 seconds.
  path: Assets/Sprites/Blazer/Ballk kicking.png
  artifactKey: Guid(1967c61ea0d92b844b954235984da49e) Importer(815301076,1909f56bfc062723c751e8b465ee728b)
Start importing Assets/Sprites/Blazer/Ballk kicking.png using Guid(1967c61ea0d92b844b954235984da49e) Importer(815301076,1909f56bfc062723c751e8b465ee728b)  -> (artifact id: '0f95ed195276e3151f8f80c2c84a8602') in 0.291625 seconds 
========================================================================
Received Import Request.
  Time since last request: 0.000026 seconds.
  path: Assets/Sprites/Blazer/Standing headbutt.png
  artifactKey: Guid(bd450908c831b4c488f4eb414baf072b) Importer(815301076,1909f56bfc062723c751e8b465ee728b)
Start importing Assets/Sprites/Blazer/Standing headbutt.png using Guid(bd450908c831b4c488f4eb414baf072b) Importer(815301076,1909f56bfc062723c751e8b465ee728b)  -> (artifact id: '5a608337ef6b67c16b2a379683867371') in 0.190950 seconds 
========================================================================
Received Import Request.
  Time since last request: 0.000030 seconds.
  path: Assets/Sprites/Headmaster/Standing punch.png
  artifactKey: Guid(339971606bdd13b4d8dbbc688781d768) Importer(815301076,1909f56bfc062723c751e8b465ee728b)
Start importing Assets/Sprites/Headmaster/Standing punch.png using Guid(339971606bdd13b4d8dbbc688781d768) Importer(815301076,1909f56bfc062723c751e8b465ee728b)  -> (artifact id: '84f2611a71fabea7a5348598926a9232') in 0.227101 seconds 
========================================================================
Received Import Request.
  Time since last request: 0.000032 seconds.
  path: Assets/Sprites/Blazer/Standing punch.png
  artifactKey: Guid(5e094af677c2d214da1066216b28bd5b) Importer(815301076,1909f56bfc062723c751e8b465ee728b)
Start importing Assets/Sprites/Blazer/Standing punch.png using Guid(5e094af677c2d214da1066216b28bd5b) Importer(815301076,1909f56bfc062723c751e8b465ee728b)  -> (artifact id: 'ed678a1bc31afb99b2d88e9cd10f27cc') in 0.183913 seconds 
========================================================================
Received Import Request.
  Time since last request: 0.000024 seconds.
  path: Assets/Sprites/Max/Standing hight kick.png
  artifactKey: Guid(f9efe6f572fb7fe47bd0a820b918936f) Importer(815301076,1909f56bfc062723c751e8b465ee728b)
Start importing Assets/Sprites/Max/Standing hight kick.png using Guid(f9efe6f572fb7fe47bd0a820b918936f) Importer(815301076,1909f56bfc062723c751e8b465ee728b)  -> (artifact id: '1b09476dfc0da6ff1e380d52b398b40a') in 0.179733 seconds 
========================================================================
Received Import Request.
  Time since last request: 0.000021 seconds.
  path: Assets/Sprites/Headmaster/Crouch to Standing.png
  artifactKey: Guid(f7c77e0c0b5809f48aa366dc193a2b42) Importer(815301076,1909f56bfc062723c751e8b465ee728b)
Start importing Assets/Sprites/Headmaster/Crouch to Standing.png using Guid(f7c77e0c0b5809f48aa366dc193a2b42) Importer(815301076,1909f56bfc062723c751e8b465ee728b)  -> (artifact id: '9acc2f1f687bcabe5231fee21797757c') in 0.216030 seconds 
========================================================================
Received Import Request.
  Time since last request: 0.000025 seconds.
  path: Assets/Sprites/Biped/Standing to crouch.png
  artifactKey: Guid(fadb5be8a1fb1b64588cf3628e3f13bb) Importer(815301076,1909f56bfc062723c751e8b465ee728b)
Start importing Assets/Sprites/Biped/Standing to crouch.png using Guid(fadb5be8a1fb1b64588cf3628e3f13bb) Importer(815301076,1909f56bfc062723c751e8b465ee728b)  -> (artifact id: 'abdfe8e7cc4bab8152d170d2a3905882') in 0.468543 seconds 
========================================================================
Received Import Request.
  Time since last request: 0.000030 seconds.
  path: Assets/Sprites/Chubbernaught/Crouching Idel.png
  artifactKey: Guid(3787939f5f6ff034b9c37d8bd9a18957) Importer(815301076,1909f56bfc062723c751e8b465ee728b)
Start importing Assets/Sprites/Chubbernaught/Crouching Idel.png using Guid(3787939f5f6ff034b9c37d8bd9a18957) Importer(815301076,1909f56bfc062723c751e8b465ee728b)  -> (artifact id: 'bd5727195ac6b1d8e970454800f7ad62') in 0.229548 seconds 
========================================================================
Received Import Request.
  Time since last request: 0.000027 seconds.
  path: Assets/Sprites/Max/Ball kicking.png
  artifactKey: Guid(268e8671e1e848740bfb1028e80c49cb) Importer(815301076,1909f56bfc062723c751e8b465ee728b)
Start importing Assets/Sprites/Max/Ball kicking.png using Guid(268e8671e1e848740bfb1028e80c49cb) Importer(815301076,1909f56bfc062723c751e8b465ee728b)  -> (artifact id: 'bf6f823d7b85ba54609a899a209a5e6f') in 0.225540 seconds 
========================================================================
Received Import Request.
  Time since last request: 0.000027 seconds.
  path: Assets/Sprites/Blazer/Standing jump.png
  artifactKey: Guid(c3449f9796c9c2b4d80f139ef1ee051d) Importer(815301076,1909f56bfc062723c751e8b465ee728b)
Start importing Assets/Sprites/Blazer/Standing jump.png using Guid(c3449f9796c9c2b4d80f139ef1ee051d) Importer(815301076,1909f56bfc062723c751e8b465ee728b)  -> (artifact id: '264ac950f2b97a610484d9f74766b716') in 0.250824 seconds 
========================================================================
Received Import Request.
  Time since last request: 0.000027 seconds.
  path: Assets/Sprites/Blazer/Crouching Idel.png
  artifactKey: Guid(9e47d71d2bee7d64fb114614700da67a) Importer(815301076,1909f56bfc062723c751e8b465ee728b)
Start importing Assets/Sprites/Blazer/Crouching Idel.png using Guid(9e47d71d2bee7d64fb114614700da67a) Importer(815301076,1909f56bfc062723c751e8b465ee728b)  -> (artifact id: '59ca0321f97a01f71721d0e885c6f342') in 0.149992 seconds 
========================================================================
Received Import Request.
  Time since last request: 0.000023 seconds.
  path: Assets/Sprites/Janitor/Standing Idel.png
  artifactKey: Guid(b096523c2acc2eb4186b9f7aea337478) Importer(815301076,1909f56bfc062723c751e8b465ee728b)
Start importing Assets/Sprites/Janitor/Standing Idel.png using Guid(b096523c2acc2eb4186b9f7aea337478) Importer(815301076,1909f56bfc062723c751e8b465ee728b)  -> (artifact id: 'a37b226b40c3d3284d6f80f9b8c13c28') in 0.182250 seconds 
========================================================================
Received Import Request.
  Time since last request: 0.000024 seconds.
  path: Assets/Sprites/Chubbernaught/Crouch to Standing.png
  artifactKey: Guid(b62755ec2da4b374db45da1d66dadfac) Importer(815301076,1909f56bfc062723c751e8b465ee728b)
Start importing Assets/Sprites/Chubbernaught/Crouch to Standing.png using Guid(b62755ec2da4b374db45da1d66dadfac) Importer(815301076,1909f56bfc062723c751e8b465ee728b)  -> (artifact id: '87d9c29cbeca926647f14cd09c70ba18') in 0.136214 seconds 
========================================================================
Received Import Request.
  Time since last request: 0.000026 seconds.
  path: Assets/Sprites/Chubbernaught/Breathing Fire.png
  artifactKey: Guid(458d4d09f1937364281143005b14af3a) Importer(815301076,1909f56bfc062723c751e8b465ee728b)
Start importing Assets/Sprites/Chubbernaught/Breathing Fire.png using Guid(458d4d09f1937364281143005b14af3a) Importer(815301076,1909f56bfc062723c751e8b465ee728b)  -> (artifact id: 'e94c9710adc4328289474524f5e5ac50') in 0.253001 seconds 
========================================================================
Received Import Request.
  Time since last request: 0.000027 seconds.
  path: Assets/Sprites/Chubbernaught/Jumping Belly Flop.png
  artifactKey: Guid(501d340f8a2dd084fbbe12fc858bc096) Importer(815301076,1909f56bfc062723c751e8b465ee728b)
Start importing Assets/Sprites/Chubbernaught/Jumping Belly Flop.png using Guid(501d340f8a2dd084fbbe12fc858bc096) Importer(815301076,1909f56bfc062723c751e8b465ee728b)  -> (artifact id: '722cbc3814b27b4916fdf86abbf25795') in 0.245975 seconds 
========================================================================
Received Import Request.
  Time since last request: 0.000032 seconds.
  path: Assets/Sprites/Biped/Standing Kick.png
  artifactKey: Guid(67c618abfea0c0146a7a9c27692922da) Importer(815301076,1909f56bfc062723c751e8b465ee728b)
Start importing Assets/Sprites/Biped/Standing Kick.png using Guid(67c618abfea0c0146a7a9c27692922da) Importer(815301076,1909f56bfc062723c751e8b465ee728b)  -> (artifact id: 'c0ef1e3103ef5f1469de2f79523cb20c') in 0.207947 seconds 
========================================================================
Received Import Request.
  Time since last request: 0.000027 seconds.
  path: Assets/Sprites/Janitor/Crouch block.png
  artifactKey: Guid(44dae4e480ce5c544b3a5dd48f41219d) Importer(815301076,1909f56bfc062723c751e8b465ee728b)
Start importing Assets/Sprites/Janitor/Crouch block.png using Guid(44dae4e480ce5c544b3a5dd48f41219d) Importer(815301076,1909f56bfc062723c751e8b465ee728b)  -> (artifact id: '682a770330ba42760b1e8875616f793b') in 0.323770 seconds 
========================================================================
Received Import Request.
  Time since last request: 0.000026 seconds.
  path: Assets/Sprites/Janitor/Standing Block.png
  artifactKey: Guid(fc6cc46350c528d42a1e93b7b323788f) Importer(815301076,1909f56bfc062723c751e8b465ee728b)
Start importing Assets/Sprites/Janitor/Standing Block.png using Guid(fc6cc46350c528d42a1e93b7b323788f) Importer(815301076,1909f56bfc062723c751e8b465ee728b)  -> (artifact id: 'a2428f55577d1848f1ed7a65b9fa9794') in 0.129147 seconds 
========================================================================
Received Import Request.
  Time since last request: 0.000022 seconds.
  path: Assets/Sprites/Janitor/Batting action.png
  artifactKey: Guid(9e6726ca80e7bcf4b9861093a171732e) Importer(815301076,1909f56bfc062723c751e8b465ee728b)
Start importing Assets/Sprites/Janitor/Batting action.png using Guid(9e6726ca80e7bcf4b9861093a171732e) Importer(815301076,1909f56bfc062723c751e8b465ee728b)  -> (artifact id: '632bdc929d7ca351f1f616c9254a6f32') in 0.195681 seconds 
========================================================================
Received Import Request.
  Time since last request: 0.000023 seconds.
  path: Assets/Sprites/Max/Crouch to Standing.png
  artifactKey: Guid(a14367d19680b4149a219aca207b8acf) Importer(815301076,1909f56bfc062723c751e8b465ee728b)
Start importing Assets/Sprites/Max/Crouch to Standing.png using Guid(a14367d19680b4149a219aca207b8acf) Importer(815301076,1909f56bfc062723c751e8b465ee728b)  -> (artifact id: 'd5026ae7eb48c01bd0852b0411e04e67') in 0.203005 seconds 
========================================================================
Received Import Request.
  Time since last request: 0.000030 seconds.
  path: Assets/Sprites/Chubbernaught/Ball kicking.png
  artifactKey: Guid(340e017faf35e194dad39781fef4dfc4) Importer(815301076,1909f56bfc062723c751e8b465ee728b)
Start importing Assets/Sprites/Chubbernaught/Ball kicking.png using Guid(340e017faf35e194dad39781fef4dfc4) Importer(815301076,1909f56bfc062723c751e8b465ee728b)  -> (artifact id: '5cc09c3548ff4ddbdd178e021eae2c79') in 0.167892 seconds 
========================================================================
Received Import Request.
  Time since last request: 0.000020 seconds.
  path: Assets/Sprites/Blazer/Standing idel.png
  artifactKey: Guid(a2af94244fca5c14d973af99e2a660c2) Importer(815301076,1909f56bfc062723c751e8b465ee728b)
Start importing Assets/Sprites/Blazer/Standing idel.png using Guid(a2af94244fca5c14d973af99e2a660c2) Importer(815301076,1909f56bfc062723c751e8b465ee728b)  -> (artifact id: '5a1159584967128f16d7afa3c705fa92') in 0.439540 seconds 
========================================================================
Received Import Request.
  Time since last request: 0.000022 seconds.
  path: Assets/Sprites/Chubbernaught/Standing Headbutt.png
  artifactKey: Guid(b950c30859b2c0946a3f6e606d34f922) Importer(815301076,1909f56bfc062723c751e8b465ee728b)
Start importing Assets/Sprites/Chubbernaught/Standing Headbutt.png using Guid(b950c30859b2c0946a3f6e606d34f922) Importer(815301076,1909f56bfc062723c751e8b465ee728b)  -> (artifact id: '7bd3b1502d8edfb608bf4677af1bcf70') in 0.200122 seconds 
========================================================================
Received Import Request.
  Time since last request: 0.000029 seconds.
  path: Assets/Sprites/Max/Standing jump kick.png
  artifactKey: Guid(1d1395d7c03af4c45a54d73a6cd1b5d8) Importer(815301076,1909f56bfc062723c751e8b465ee728b)
Start importing Assets/Sprites/Max/Standing jump kick.png using Guid(1d1395d7c03af4c45a54d73a6cd1b5d8) Importer(815301076,1909f56bfc062723c751e8b465ee728b)  -> (artifact id: 'e2c92a1c706f7b78ba14a74e2c44b28f') in 0.295992 seconds 
========================================================================
Received Import Request.
  Time since last request: 0.000024 seconds.
  path: Assets/Sprites/Janitor/Crouch to Standing.png
  artifactKey: Guid(1fc296192f52b8f42bae5da5d79e54b4) Importer(815301076,1909f56bfc062723c751e8b465ee728b)
Start importing Assets/Sprites/Janitor/Crouch to Standing.png using Guid(1fc296192f52b8f42bae5da5d79e54b4) Importer(815301076,1909f56bfc062723c751e8b465ee728b)  -> (artifact id: 'dbf3fc7c03413b675e31f1d6e8386792') in 0.179872 seconds 
========================================================================
Received Import Request.
  Time since last request: 0.000032 seconds.
  path: Assets/Sprites/Janitor/Ball kicking.png
  artifactKey: Guid(a0bace17540888540bd2ac06f9607f96) Importer(815301076,1909f56bfc062723c751e8b465ee728b)
Start importing Assets/Sprites/Janitor/Ball kicking.png using Guid(a0bace17540888540bd2ac06f9607f96) Importer(815301076,1909f56bfc062723c751e8b465ee728b)  -> (artifact id: 'ad4cb872787f74dd7d3fdca5e7bcaacc') in 0.248503 seconds 
========================================================================
Received Import Request.
  Time since last request: 0.000025 seconds.
  path: Assets/Sprites/Janitor/Jumping Belly Flop.png
  artifactKey: Guid(d4e8db94495fdf44d86266f2e3e5b638) Importer(815301076,1909f56bfc062723c751e8b465ee728b)
Start importing Assets/Sprites/Janitor/Jumping Belly Flop.png using Guid(d4e8db94495fdf44d86266f2e3e5b638) Importer(815301076,1909f56bfc062723c751e8b465ee728b)  -> (artifact id: '6536caba0f3e76b01a1fc6b86617033a') in 0.181361 seconds 
========================================================================
Received Import Request.
  Time since last request: 0.000032 seconds.
  path: Assets/Sprites/Janitor/Crouch round house kick.png
  artifactKey: Guid(07efe9d8e361b1d42bb60b4be76cce45) Importer(815301076,1909f56bfc062723c751e8b465ee728b)
Start importing Assets/Sprites/Janitor/Crouch round house kick.png using Guid(07efe9d8e361b1d42bb60b4be76cce45) Importer(815301076,1909f56bfc062723c751e8b465ee728b)  -> (artifact id: '420c9748fbc16aa9b99138b92f5c00c4') in 0.222712 seconds 
========================================================================
Received Import Request.
  Time since last request: 0.000025 seconds.
  path: Assets/Sprites/Chubbernaught/Standing to Crouch.png
  artifactKey: Guid(523f9b25974ad17439cf31a4327e5584) Importer(815301076,1909f56bfc062723c751e8b465ee728b)
Start importing Assets/Sprites/Chubbernaught/Standing to Crouch.png using Guid(523f9b25974ad17439cf31a4327e5584) Importer(815301076,1909f56bfc062723c751e8b465ee728b)  -> (artifact id: '2d018c6b639123faf36da31e3193fd0d') in 0.184155 seconds 
========================================================================
Received Import Request.
  Time since last request: 0.000033 seconds.
  path: Assets/Sprites/Biped/Crouching Idel.png
  artifactKey: Guid(8a3bf74d591bf814cb9be965b84ba79c) Importer(815301076,1909f56bfc062723c751e8b465ee728b)
Start importing Assets/Sprites/Biped/Crouching Idel.png using Guid(8a3bf74d591bf814cb9be965b84ba79c) Importer(815301076,1909f56bfc062723c751e8b465ee728b)  -> (artifact id: '30a29484c458fea26eae4da8b6e7c3f0') in 0.247369 seconds 
========================================================================
Received Import Request.
  Time since last request: 0.000021 seconds.
  path: Assets/Sprites/Janitor/Standing to Crouch.png
  artifactKey: Guid(9c9a64455e7c69e4f94f5df477d5e06f) Importer(815301076,1909f56bfc062723c751e8b465ee728b)
Start importing Assets/Sprites/Janitor/Standing to Crouch.png using Guid(9c9a64455e7c69e4f94f5df477d5e06f) Importer(815301076,1909f56bfc062723c751e8b465ee728b)  -> (artifact id: '9516b8b201d10ea811d0c475696c242e') in 0.212543 seconds 
========================================================================
Received Import Request.
  Time since last request: 0.000027 seconds.
  path: Assets/Sprites/Max/Standing Idel.png
  artifactKey: Guid(24eedd4943b2c9042b7a121022c436ec) Importer(815301076,1909f56bfc062723c751e8b465ee728b)
Start importing Assets/Sprites/Max/Standing Idel.png using Guid(24eedd4943b2c9042b7a121022c436ec) Importer(815301076,1909f56bfc062723c751e8b465ee728b)  -> (artifact id: '8a648ac00be442eccf9f65ad5f1c48d6') in 0.213153 seconds 
========================================================================
Received Import Request.
  Time since last request: 0.000024 seconds.
  path: Assets/Sprites/Blazer/Standing block.png
  artifactKey: Guid(2b2bbacbd1a5e814db91324ce405fe27) Importer(815301076,1909f56bfc062723c751e8b465ee728b)
Start importing Assets/Sprites/Blazer/Standing block.png using Guid(2b2bbacbd1a5e814db91324ce405fe27) Importer(815301076,1909f56bfc062723c751e8b465ee728b)  -> (artifact id: '3d3fc7b4f8734cc2e21ee28d14aff908') in 0.174301 seconds 
========================================================================
Received Import Request.
  Time since last request: 0.000031 seconds.
  path: Assets/Sprites/Biped/Standing Idel.png
  artifactKey: Guid(f61aba7ee962add4f83cbddb7a9f8006) Importer(815301076,1909f56bfc062723c751e8b465ee728b)
Start importing Assets/Sprites/Biped/Standing Idel.png using Guid(f61aba7ee962add4f83cbddb7a9f8006) Importer(815301076,1909f56bfc062723c751e8b465ee728b)  -> (artifact id: 'fb242cea741760ded2e9ef6f2e12c228') in 0.200046 seconds 
========================================================================
Received Import Request.
  Time since last request: 0.000022 seconds.
  path: Assets/Sprites/Biped/Ball kicking.png
  artifactKey: Guid(3e0cf6c6763e8a449817e4a04b9b3df5) Importer(815301076,1909f56bfc062723c751e8b465ee728b)
Start importing Assets/Sprites/Biped/Ball kicking.png using Guid(3e0cf6c6763e8a449817e4a04b9b3df5) Importer(815301076,1909f56bfc062723c751e8b465ee728b)  -> (artifact id: '48dd65bbbe58925461424f605af54c1c') in 0.214965 seconds 
========================================================================
Received Import Request.
  Time since last request: 0.000022 seconds.
  path: Assets/Sprites/Janitor/Standing Kick.png
  artifactKey: Guid(6861d305702686c4d92115aa4fbfcaab) Importer(815301076,1909f56bfc062723c751e8b465ee728b)
Start importing Assets/Sprites/Janitor/Standing Kick.png using Guid(6861d305702686c4d92115aa4fbfcaab) Importer(815301076,1909f56bfc062723c751e8b465ee728b)  -> (artifact id: '768417d16d75a91dd40626d9dfcb0cd2') in 0.393816 seconds 
========================================================================
Received Import Request.
  Time since last request: 0.000026 seconds.
  path: Assets/Sprites/Chubbernaught/Crouch Punch.png
  artifactKey: Guid(eff1bf98f79711e4d9d4a8a5f55d5662) Importer(815301076,1909f56bfc062723c751e8b465ee728b)
Start importing Assets/Sprites/Chubbernaught/Crouch Punch.png using Guid(eff1bf98f79711e4d9d4a8a5f55d5662) Importer(815301076,1909f56bfc062723c751e8b465ee728b)  -> (artifact id: 'd5cc74cb3b697baace315d6066b1382b') in 0.170274 seconds 
========================================================================
Received Prepare
Registering precompiled user dll's ...
Registered in 0.011354 seconds.
Begin MonoManager ReloadAssembly
Native extension for WindowsStandalone target not found
Native extension for WebGL target not found
Refreshing native plugins compatible for Editor in 0.88 ms, found 4 plugins.
Preloading 0 native plugins for Editor in 0.00 ms.
Mono: successfully reloaded assembly
- Completed reload, in  1.186 seconds
Domain Reload Profiling:
	ReloadAssembly (1186ms)
		BeginReloadAssembly (155ms)
			ExecutionOrderSort (0ms)
			DisableScriptedObjects (8ms)
			BackupInstance (0ms)
			ReleaseScriptingObjects (0ms)
			CreateAndSetChildDomain (44ms)
		EndReloadAssembly (901ms)
			LoadAssemblies (115ms)
			RebuildTransferFunctionScriptingTraits (0ms)
			SetupTypeCache (272ms)
			ReleaseScriptCaches (2ms)
			RebuildScriptCaches (54ms)
			SetupLoadedEditorAssemblies (410ms)
				LogAssemblyErrors (0ms)
				InitializePlatformSupportModulesInManaged (17ms)
				SetLoadedEditorAssemblies (1ms)
				RefreshPlugins (1ms)
				BeforeProcessingInitializeOnLoad (87ms)
				ProcessInitializeOnLoadAttributes (243ms)
				ProcessInitializeOnLoadMethodAttributes (47ms)
				AfterProcessingInitializeOnLoad (14ms)
				EditorAssembliesLoaded (0ms)
			ExecutionOrderSort2 (0ms)
			AwakeInstancesAfterBackupRestoration (13ms)
Platform modules already initialized, skipping
Refreshing native plugins compatible for Editor in 2.83 ms, found 4 plugins.
Preloading 0 native plugins for Editor in 0.00 ms.
Unloading 4080 Unused Serialized files (Serialized files now loaded: 0)
Unloading 25 unused Assets / (24.8 KB). Loaded Objects now: 4582.
Memory consumption went from 156.1 MB to 156.0 MB.
Total: 3.893400 ms (FindLiveObjects: 0.330400 ms CreateObjectMapping: 0.094200 ms MarkObjects: 3.430100 ms  DeleteObjects: 0.037200 ms)

AssetImportParameters requested are different than current active one (requested -> active):
  custom:video-decoder-ogg-theora: a1e56fd34408186e4bbccfd4996cb3dc -> 
  custom:container-muxer-webm: aa71ff27fc2769a1b78a27578f13a17b -> 
  custom:container-demuxer-webm: 4f35f7cbe854078d1ac9338744f61a02 -> 
  custom:video-encoder-webm-vp8: eb34c28f22e8b96e1ab97ce403110664 -> 
  custom:audio-encoder-webm-vorbis: bf7c407c2cedff20999df2af8eb42d56 -> 
  custom:framework-win-MediaFoundation: 216162199b28c13a410421893ffa2e32 -> 
  custom:container-demuxer-ogg: 62fdf1f143b41e24485cea50d1cbac27 -> 
  custom:video-decoder-webm-vp8: 9c59270c3fd7afecdb556c50c9e8de78 -> 
  custom:audio-decoder-ogg-vorbis: bf7c407c2cedff20999df2af8eb42d56 -> 
========================================================================
Received Import Request.
  Time since last request: 648.394042 seconds.
  path: Assets/Sprites/Headmaster/Crouch round house kick.png
  artifactKey: Guid(e1b4e3603df271e4daf4d28b94f19356) Importer(815301076,1909f56bfc062723c751e8b465ee728b)
Start importing Assets/Sprites/Headmaster/Crouch round house kick.png using Guid(e1b4e3603df271e4daf4d28b94f19356) Importer(815301076,1909f56bfc062723c751e8b465ee728b)  -> (artifact id: '06ab45c3770a2268baeb822469f06ba3') in 0.294999 seconds 
========================================================================
Received Import Request.
  Time since last request: 0.000035 seconds.
  path: Assets/Sprites/Max/Death Animation.png
  artifactKey: Guid(d99ce10b756ee5b40b90b951019f1c48) Importer(815301076,1909f56bfc062723c751e8b465ee728b)
Start importing Assets/Sprites/Max/Death Animation.png using Guid(d99ce10b756ee5b40b90b951019f1c48) Importer(815301076,1909f56bfc062723c751e8b465ee728b)  -> (artifact id: '2805f5ca8858f77294c8083e99f76d0c') in 0.573877 seconds 
========================================================================
Received Import Request.
  Time since last request: 0.000027 seconds.
  path: Assets/Sprites/Biped/Crouch round house kick.png
  artifactKey: Guid(a2de768fd2dc0224e8627f6566c739a3) Importer(815301076,1909f56bfc062723c751e8b465ee728b)
Start importing Assets/Sprites/Biped/Crouch round house kick.png using Guid(a2de768fd2dc0224e8627f6566c739a3) Importer(815301076,1909f56bfc062723c751e8b465ee728b)  -> (artifact id: 'ad2a77b34d4185941d984ebc2faa94c8') in 0.112147 seconds 
========================================================================
Received Prepare
Registering precompiled user dll's ...
Registered in 0.008975 seconds.
Begin MonoManager ReloadAssembly
Native extension for WindowsStandalone target not found
Native extension for WebGL target not found
Refreshing native plugins compatible for Editor in 0.81 ms, found 4 plugins.
Preloading 0 native plugins for Editor in 0.00 ms.
Mono: successfully reloaded assembly
- Completed reload, in  1.097 seconds
Domain Reload Profiling:
	ReloadAssembly (1098ms)
		BeginReloadAssembly (153ms)
			ExecutionOrderSort (0ms)
			DisableScriptedObjects (8ms)
			BackupInstance (0ms)
			ReleaseScriptingObjects (0ms)
			CreateAndSetChildDomain (40ms)
		EndReloadAssembly (822ms)
			LoadAssemblies (118ms)
			RebuildTransferFunctionScriptingTraits (0ms)
			SetupTypeCache (248ms)
			ReleaseScriptCaches (1ms)
			RebuildScriptCaches (45ms)
			SetupLoadedEditorAssemblies (378ms)
				LogAssemblyErrors (0ms)
				InitializePlatformSupportModulesInManaged (16ms)
				SetLoadedEditorAssemblies (0ms)
				RefreshPlugins (1ms)
				BeforeProcessingInitializeOnLoad (84ms)
				ProcessInitializeOnLoadAttributes (217ms)
				ProcessInitializeOnLoadMethodAttributes (44ms)
				AfterProcessingInitializeOnLoad (15ms)
				EditorAssembliesLoaded (0ms)
			ExecutionOrderSort2 (0ms)
			AwakeInstancesAfterBackupRestoration (9ms)
Platform modules already initialized, skipping
Refreshing native plugins compatible for Editor in 2.62 ms, found 4 plugins.
Preloading 0 native plugins for Editor in 0.00 ms.
Unloading 4080 Unused Serialized files (Serialized files now loaded: 0)
Unloading 25 unused Assets / (24.7 KB). Loaded Objects now: 4585.
Memory consumption went from 156.1 MB to 156.0 MB.
Total: 3.320900 ms (FindLiveObjects: 0.315300 ms CreateObjectMapping: 0.088000 ms MarkObjects: 2.891200 ms  DeleteObjects: 0.025500 ms)

AssetImportParameters requested are different than current active one (requested -> active):
  custom:video-decoder-ogg-theora: a1e56fd34408186e4bbccfd4996cb3dc -> 
  custom:container-muxer-webm: aa71ff27fc2769a1b78a27578f13a17b -> 
  custom:container-demuxer-webm: 4f35f7cbe854078d1ac9338744f61a02 -> 
  custom:video-encoder-webm-vp8: eb34c28f22e8b96e1ab97ce403110664 -> 
  custom:audio-encoder-webm-vorbis: bf7c407c2cedff20999df2af8eb42d56 -> 
  custom:framework-win-MediaFoundation: 216162199b28c13a410421893ffa2e32 -> 
  custom:container-demuxer-ogg: 62fdf1f143b41e24485cea50d1cbac27 -> 
  custom:video-decoder-webm-vp8: 9c59270c3fd7afecdb556c50c9e8de78 -> 
  custom:audio-decoder-ogg-vorbis: bf7c407c2cedff20999df2af8eb42d56 -> 
========================================================================
Received Prepare
Registering precompiled user dll's ...
Registered in 0.009836 seconds.
Begin MonoManager ReloadAssembly
Native extension for WindowsStandalone target not found
Native extension for WebGL target not found
Refreshing native plugins compatible for Editor in 1.23 ms, found 4 plugins.
Preloading 0 native plugins for Editor in 0.00 ms.
Mono: successfully reloaded assembly
- Completed reload, in  1.149 seconds
Domain Reload Profiling:
	ReloadAssembly (1150ms)
		BeginReloadAssembly (151ms)
			ExecutionOrderSort (0ms)
			DisableScriptedObjects (8ms)
			BackupInstance (0ms)
			ReleaseScriptingObjects (0ms)
			CreateAndSetChildDomain (37ms)
		EndReloadAssembly (879ms)
			LoadAssemblies (119ms)
			RebuildTransferFunctionScriptingTraits (0ms)
			SetupTypeCache (258ms)
			ReleaseScriptCaches (2ms)
			RebuildScriptCaches (49ms)
			SetupLoadedEditorAssemblies (408ms)
				LogAssemblyErrors (0ms)
				InitializePlatformSupportModulesInManaged (17ms)
				SetLoadedEditorAssemblies (1ms)
				RefreshPlugins (1ms)
				BeforeProcessingInitializeOnLoad (93ms)
				ProcessInitializeOnLoadAttributes (237ms)
				ProcessInitializeOnLoadMethodAttributes (43ms)
				AfterProcessingInitializeOnLoad (16ms)
				EditorAssembliesLoaded (0ms)
			ExecutionOrderSort2 (0ms)
			AwakeInstancesAfterBackupRestoration (11ms)
Platform modules already initialized, skipping
Refreshing native plugins compatible for Editor in 2.72 ms, found 4 plugins.
Preloading 0 native plugins for Editor in 0.00 ms.
Unloading 4080 Unused Serialized files (Serialized files now loaded: 0)
Unloading 25 unused Assets / (24.6 KB). Loaded Objects now: 4588.
Memory consumption went from 156.1 MB to 156.0 MB.
Total: 4.784900 ms (FindLiveObjects: 0.393400 ms CreateObjectMapping: 0.092800 ms MarkObjects: 4.260300 ms  DeleteObjects: 0.037100 ms)

AssetImportParameters requested are different than current active one (requested -> active):
  custom:video-decoder-ogg-theora: a1e56fd34408186e4bbccfd4996cb3dc -> 
  custom:container-muxer-webm: aa71ff27fc2769a1b78a27578f13a17b -> 
  custom:container-demuxer-webm: 4f35f7cbe854078d1ac9338744f61a02 -> 
  custom:video-encoder-webm-vp8: eb34c28f22e8b96e1ab97ce403110664 -> 
  custom:audio-encoder-webm-vorbis: bf7c407c2cedff20999df2af8eb42d56 -> 
  custom:framework-win-MediaFoundation: 216162199b28c13a410421893ffa2e32 -> 
  custom:container-demuxer-ogg: 62fdf1f143b41e24485cea50d1cbac27 -> 
  custom:video-decoder-webm-vp8: 9c59270c3fd7afecdb556c50c9e8de78 -> 
  custom:audio-decoder-ogg-vorbis: bf7c407c2cedff20999df2af8eb42d56 -> 
========================================================================
Received Prepare
Registering precompiled user dll's ...
Registered in 0.009262 seconds.
Begin MonoManager ReloadAssembly
Native extension for WindowsStandalone target not found
Native extension for WebGL target not found
Refreshing native plugins compatible for Editor in 0.83 ms, found 4 plugins.
Preloading 0 native plugins for Editor in 0.00 ms.
Mono: successfully reloaded assembly
- Completed reload, in  1.167 seconds
Domain Reload Profiling:
	ReloadAssembly (1167ms)
		BeginReloadAssembly (152ms)
			ExecutionOrderSort (0ms)
			DisableScriptedObjects (8ms)
			BackupInstance (0ms)
			ReleaseScriptingObjects (0ms)
			CreateAndSetChildDomain (37ms)
		EndReloadAssembly (894ms)
			LoadAssemblies (124ms)
			RebuildTransferFunctionScriptingTraits (0ms)
			SetupTypeCache (276ms)
			ReleaseScriptCaches (2ms)
			RebuildScriptCaches (51ms)
			SetupLoadedEditorAssemblies (402ms)
				LogAssemblyErrors (0ms)
				InitializePlatformSupportModulesInManaged (17ms)
				SetLoadedEditorAssemblies (1ms)
				RefreshPlugins (1ms)
				BeforeProcessingInitializeOnLoad (84ms)
				ProcessInitializeOnLoadAttributes (235ms)
				ProcessInitializeOnLoadMethodAttributes (47ms)
				AfterProcessingInitializeOnLoad (17ms)
				EditorAssembliesLoaded (0ms)
			ExecutionOrderSort2 (0ms)
			AwakeInstancesAfterBackupRestoration (11ms)
Platform modules already initialized, skipping
Refreshing native plugins compatible for Editor in 2.73 ms, found 4 plugins.
Preloading 0 native plugins for Editor in 0.00 ms.
Unloading 4080 Unused Serialized files (Serialized files now loaded: 0)
Unloading 25 unused Assets / (25.8 KB). Loaded Objects now: 4591.
Memory consumption went from 156.1 MB to 156.1 MB.
Total: 4.369600 ms (FindLiveObjects: 0.410100 ms CreateObjectMapping: 0.138200 ms MarkObjects: 3.774100 ms  DeleteObjects: 0.045900 ms)

AssetImportParameters requested are different than current active one (requested -> active):
  custom:video-decoder-ogg-theora: a1e56fd34408186e4bbccfd4996cb3dc -> 
  custom:container-muxer-webm: aa71ff27fc2769a1b78a27578f13a17b -> 
  custom:container-demuxer-webm: 4f35f7cbe854078d1ac9338744f61a02 -> 
  custom:video-encoder-webm-vp8: eb34c28f22e8b96e1ab97ce403110664 -> 
  custom:audio-encoder-webm-vorbis: bf7c407c2cedff20999df2af8eb42d56 -> 
  custom:framework-win-MediaFoundation: 216162199b28c13a410421893ffa2e32 -> 
  custom:container-demuxer-ogg: 62fdf1f143b41e24485cea50d1cbac27 -> 
  custom:video-decoder-webm-vp8: 9c59270c3fd7afecdb556c50c9e8de78 -> 
  custom:audio-decoder-ogg-vorbis: bf7c407c2cedff20999df2af8eb42d56 -> 
========================================================================
Received Prepare
Registering precompiled user dll's ...
Registered in 0.008719 seconds.
Begin MonoManager ReloadAssembly
Native extension for WindowsStandalone target not found
Native extension for WebGL target not found
Refreshing native plugins compatible for Editor in 0.83 ms, found 4 plugins.
Preloading 0 native plugins for Editor in 0.00 ms.
Mono: successfully reloaded assembly
- Completed reload, in  1.172 seconds
Domain Reload Profiling:
	ReloadAssembly (1173ms)
		BeginReloadAssembly (154ms)
			ExecutionOrderSort (0ms)
			DisableScriptedObjects (8ms)
			BackupInstance (0ms)
			ReleaseScriptingObjects (0ms)
			CreateAndSetChildDomain (38ms)
		EndReloadAssembly (891ms)
			LoadAssemblies (123ms)
			RebuildTransferFunctionScriptingTraits (0ms)
			SetupTypeCache (259ms)
			ReleaseScriptCaches (2ms)
			RebuildScriptCaches (51ms)
			SetupLoadedEditorAssemblies (412ms)
				LogAssemblyErrors (0ms)
				InitializePlatformSupportModulesInManaged (19ms)
				SetLoadedEditorAssemblies (1ms)
				RefreshPlugins (1ms)
				BeforeProcessingInitializeOnLoad (90ms)
				ProcessInitializeOnLoadAttributes (243ms)
				ProcessInitializeOnLoadMethodAttributes (43ms)
				AfterProcessingInitializeOnLoad (15ms)
				EditorAssembliesLoaded (0ms)
			ExecutionOrderSort2 (0ms)
			AwakeInstancesAfterBackupRestoration (10ms)
Platform modules already initialized, skipping
Refreshing native plugins compatible for Editor in 2.79 ms, found 4 plugins.
Preloading 0 native plugins for Editor in 0.00 ms.
Unloading 4080 Unused Serialized files (Serialized files now loaded: 0)
Unloading 25 unused Assets / (24.6 KB). Loaded Objects now: 4594.
Memory consumption went from 156.1 MB to 156.1 MB.
Total: 3.662400 ms (FindLiveObjects: 0.365400 ms CreateObjectMapping: 0.094100 ms MarkObjects: 3.172100 ms  DeleteObjects: 0.029800 ms)

AssetImportParameters requested are different than current active one (requested -> active):
  custom:video-decoder-ogg-theora: a1e56fd34408186e4bbccfd4996cb3dc -> 
  custom:container-muxer-webm: aa71ff27fc2769a1b78a27578f13a17b -> 
  custom:container-demuxer-webm: 4f35f7cbe854078d1ac9338744f61a02 -> 
  custom:video-encoder-webm-vp8: eb34c28f22e8b96e1ab97ce403110664 -> 
  custom:audio-encoder-webm-vorbis: bf7c407c2cedff20999df2af8eb42d56 -> 
  custom:framework-win-MediaFoundation: 216162199b28c13a410421893ffa2e32 -> 
  custom:container-demuxer-ogg: 62fdf1f143b41e24485cea50d1cbac27 -> 
  custom:video-decoder-webm-vp8: 9c59270c3fd7afecdb556c50c9e8de78 -> 
  custom:audio-decoder-ogg-vorbis: bf7c407c2cedff20999df2af8eb42d56 -> 
========================================================================
Received Prepare
Registering precompiled user dll's ...
Registered in 0.009390 seconds.
Begin MonoManager ReloadAssembly
Native extension for WindowsStandalone target not found
Native extension for WebGL target not found
Refreshing native plugins compatible for Editor in 0.86 ms, found 4 plugins.
Preloading 0 native plugins for Editor in 0.00 ms.
Mono: successfully reloaded assembly
- Completed reload, in  1.168 seconds
Domain Reload Profiling:
	ReloadAssembly (1169ms)
		BeginReloadAssembly (152ms)
			ExecutionOrderSort (0ms)
			DisableScriptedObjects (8ms)
			BackupInstance (0ms)
			ReleaseScriptingObjects (0ms)
			CreateAndSetChildDomain (38ms)
		EndReloadAssembly (889ms)
			LoadAssemblies (123ms)
			RebuildTransferFunctionScriptingTraits (0ms)
			SetupTypeCache (270ms)
			ReleaseScriptCaches (2ms)
			RebuildScriptCaches (48ms)
			SetupLoadedEditorAssemblies (402ms)
				LogAssemblyErrors (0ms)
				InitializePlatformSupportModulesInManaged (18ms)
				SetLoadedEditorAssemblies (1ms)
				RefreshPlugins (1ms)
				BeforeProcessingInitializeOnLoad (88ms)
				ProcessInitializeOnLoadAttributes (231ms)
				ProcessInitializeOnLoadMethodAttributes (44ms)
				AfterProcessingInitializeOnLoad (19ms)
				EditorAssembliesLoaded (0ms)
			ExecutionOrderSort2 (0ms)
			AwakeInstancesAfterBackupRestoration (9ms)
Platform modules already initialized, skipping
Refreshing native plugins compatible for Editor in 2.85 ms, found 4 plugins.
Preloading 0 native plugins for Editor in 0.00 ms.
Unloading 4080 Unused Serialized files (Serialized files now loaded: 0)
Unloading 25 unused Assets / (24.7 KB). Loaded Objects now: 4597.
Memory consumption went from 156.1 MB to 156.1 MB.
Total: 3.493600 ms (FindLiveObjects: 0.327500 ms CreateObjectMapping: 0.093100 ms MarkObjects: 3.044500 ms  DeleteObjects: 0.027400 ms)

AssetImportParameters requested are different than current active one (requested -> active):
  custom:video-decoder-ogg-theora: a1e56fd34408186e4bbccfd4996cb3dc -> 
  custom:container-muxer-webm: aa71ff27fc2769a1b78a27578f13a17b -> 
  custom:container-demuxer-webm: 4f35f7cbe854078d1ac9338744f61a02 -> 
  custom:video-encoder-webm-vp8: eb34c28f22e8b96e1ab97ce403110664 -> 
  custom:audio-encoder-webm-vorbis: bf7c407c2cedff20999df2af8eb42d56 -> 
  custom:framework-win-MediaFoundation: 216162199b28c13a410421893ffa2e32 -> 
  custom:container-demuxer-ogg: 62fdf1f143b41e24485cea50d1cbac27 -> 
  custom:video-decoder-webm-vp8: 9c59270c3fd7afecdb556c50c9e8de78 -> 
  custom:audio-decoder-ogg-vorbis: bf7c407c2cedff20999df2af8eb42d56 -> 
========================================================================
Received Import Request.
  Time since last request: 621.730690 seconds.
  path: Assets/Prefab/Fighter Object 3.prefab
  artifactKey: Guid(7caa66545a9f808499f1f1e0e274cfc8) Importer(815301076,1909f56bfc062723c751e8b465ee728b)
Start importing Assets/Prefab/Fighter Object 3.prefab using Guid(7caa66545a9f808499f1f1e0e274cfc8) Importer(815301076,1909f56bfc062723c751e8b465ee728b)  -> (artifact id: '2fe0308a4c3d01cf4db6f424c59173cf') in 0.098989 seconds 
========================================================================
Received Import Request.
  Time since last request: 0.000029 seconds.
  path: Assets/Prefab/Fighter Object.prefab
  artifactKey: Guid(5eb09603fd896ed4bb16435d222ab45a) Importer(815301076,1909f56bfc062723c751e8b465ee728b)
Start importing Assets/Prefab/Fighter Object.prefab using Guid(5eb09603fd896ed4bb16435d222ab45a) Importer(815301076,1909f56bfc062723c751e8b465ee728b)  -> (artifact id: '1c87bf270d4e950afc6e3cd105a3963b') in 0.064025 seconds 
========================================================================
Received Prepare
Registering precompiled user dll's ...
Registered in 0.009312 seconds.
Begin MonoManager ReloadAssembly
Native extension for WindowsStandalone target not found
Native extension for WebGL target not found
Refreshing native plugins compatible for Editor in 0.81 ms, found 4 plugins.
Preloading 0 native plugins for Editor in 0.00 ms.
Mono: successfully reloaded assembly
- Completed reload, in  1.719 seconds
Domain Reload Profiling:
	ReloadAssembly (1720ms)
		BeginReloadAssembly (268ms)
			ExecutionOrderSort (0ms)
			DisableScriptedObjects (10ms)
			BackupInstance (0ms)
			ReleaseScriptingObjects (0ms)
			CreateAndSetChildDomain (65ms)
		EndReloadAssembly (1299ms)
			LoadAssemblies (204ms)
			RebuildTransferFunctionScriptingTraits (0ms)
			SetupTypeCache (672ms)
			ReleaseScriptCaches (2ms)
			RebuildScriptCaches (48ms)
			SetupLoadedEditorAssemblies (412ms)
				LogAssemblyErrors (0ms)
				InitializePlatformSupportModulesInManaged (17ms)
				SetLoadedEditorAssemblies (1ms)
				RefreshPlugins (1ms)
				BeforeProcessingInitializeOnLoad (87ms)
				ProcessInitializeOnLoadAttributes (242ms)
				ProcessInitializeOnLoadMethodAttributes (50ms)
				AfterProcessingInitializeOnLoad (15ms)
				EditorAssembliesLoaded (0ms)
			ExecutionOrderSort2 (0ms)
			AwakeInstancesAfterBackupRestoration (9ms)
Platform modules already initialized, skipping
Refreshing native plugins compatible for Editor in 2.86 ms, found 4 plugins.
Preloading 0 native plugins for Editor in 0.00 ms.
Unloading 4080 Unused Serialized files (Serialized files now loaded: 0)
Unloading 27 unused Assets / (25.7 KB). Loaded Objects now: 4600.
Memory consumption went from 156.1 MB to 156.1 MB.
Total: 4.388500 ms (FindLiveObjects: 0.329600 ms CreateObjectMapping: 0.090300 ms MarkObjects: 3.888800 ms  DeleteObjects: 0.078700 ms)

AssetImportParameters requested are different than current active one (requested -> active):
  custom:video-decoder-ogg-theora: a1e56fd34408186e4bbccfd4996cb3dc -> 
  custom:container-muxer-webm: aa71ff27fc2769a1b78a27578f13a17b -> 
  custom:container-demuxer-webm: 4f35f7cbe854078d1ac9338744f61a02 -> 
  custom:video-encoder-webm-vp8: eb34c28f22e8b96e1ab97ce403110664 -> 
  custom:audio-encoder-webm-vorbis: bf7c407c2cedff20999df2af8eb42d56 -> 
  custom:framework-win-MediaFoundation: 216162199b28c13a410421893ffa2e32 -> 
  custom:container-demuxer-ogg: 62fdf1f143b41e24485cea50d1cbac27 -> 
  custom:video-decoder-webm-vp8: 9c59270c3fd7afecdb556c50c9e8de78 -> 
  custom:audio-decoder-ogg-vorbis: bf7c407c2cedff20999df2af8eb42d56 -> 
========================================================================
Received Prepare
Registering precompiled user dll's ...
Registered in 0.009969 seconds.
Begin MonoManager ReloadAssembly
Native extension for WindowsStandalone target not found
Native extension for WebGL target not found
Refreshing native plugins compatible for Editor in 0.92 ms, found 4 plugins.
Preloading 0 native plugins for Editor in 0.00 ms.
Mono: successfully reloaded assembly
- Completed reload, in  1.156 seconds
Domain Reload Profiling:
	ReloadAssembly (1157ms)
		BeginReloadAssembly (153ms)
			ExecutionOrderSort (0ms)
			DisableScriptedObjects (8ms)
			BackupInstance (0ms)
			ReleaseScriptingObjects (0ms)
			CreateAndSetChildDomain (42ms)
		EndReloadAssembly (888ms)
			LoadAssemblies (117ms)
			RebuildTransferFunctionScriptingTraits (0ms)
			SetupTypeCache (262ms)
			ReleaseScriptCaches (2ms)
			RebuildScriptCaches (52ms)
			SetupLoadedEditorAssemblies (409ms)
				LogAssemblyErrors (0ms)
				InitializePlatformSupportModulesInManaged (17ms)
				SetLoadedEditorAssemblies (1ms)
				RefreshPlugins (1ms)
				BeforeProcessingInitializeOnLoad (93ms)
				ProcessInitializeOnLoadAttributes (236ms)
				ProcessInitializeOnLoadMethodAttributes (45ms)
				AfterProcessingInitializeOnLoad (17ms)
				EditorAssembliesLoaded (0ms)
			ExecutionOrderSort2 (0ms)
			AwakeInstancesAfterBackupRestoration (10ms)
Platform modules already initialized, skipping
Refreshing native plugins compatible for Editor in 3.81 ms, found 4 plugins.
Preloading 0 native plugins for Editor in 0.00 ms.
Unloading 4080 Unused Serialized files (Serialized files now loaded: 0)
Unloading 25 unused Assets / (24.7 KB). Loaded Objects now: 4603.
Memory consumption went from 156.2 MB to 156.1 MB.
Total: 4.266700 ms (FindLiveObjects: 0.328700 ms CreateObjectMapping: 0.093800 ms MarkObjects: 3.808700 ms  DeleteObjects: 0.034200 ms)

AssetImportParameters requested are different than current active one (requested -> active):
  custom:video-decoder-ogg-theora: a1e56fd34408186e4bbccfd4996cb3dc -> 
  custom:container-muxer-webm: aa71ff27fc2769a1b78a27578f13a17b -> 
  custom:container-demuxer-webm: 4f35f7cbe854078d1ac9338744f61a02 -> 
  custom:video-encoder-webm-vp8: eb34c28f22e8b96e1ab97ce403110664 -> 
  custom:audio-encoder-webm-vorbis: bf7c407c2cedff20999df2af8eb42d56 -> 
  custom:framework-win-MediaFoundation: 216162199b28c13a410421893ffa2e32 -> 
  custom:container-demuxer-ogg: 62fdf1f143b41e24485cea50d1cbac27 -> 
  custom:video-decoder-webm-vp8: 9c59270c3fd7afecdb556c50c9e8de78 -> 
  custom:audio-decoder-ogg-vorbis: bf7c407c2cedff20999df2af8eb42d56 -> 
========================================================================
Received Import Request.
  Time since last request: 91250.264996 seconds.
  path: Assets/Sprites/BillyNoMates/10Kick (1).png
  artifactKey: Guid(0b74e05bbc1c7bc42ae98a79acfa8be3) Importer(815301076,1909f56bfc062723c751e8b465ee728b)
Start importing Assets/Sprites/BillyNoMates/10Kick (1).png using Guid(0b74e05bbc1c7bc42ae98a79acfa8be3) Importer(815301076,1909f56bfc062723c751e8b465ee728b)  -> (artifact id: '7f371dadc10dae7b5efa3a90afc8246c') in 0.244269 seconds 
========================================================================
Received Import Request.
  Time since last request: 0.000092 seconds.
  path: Assets/Sprites/BillyNoMates/14Jump (1).png
  artifactKey: Guid(2245eb34b3c2b874fbf4b3e3dfc3cb0e) Importer(815301076,1909f56bfc062723c751e8b465ee728b)
Start importing Assets/Sprites/BillyNoMates/14Jump (1).png using Guid(2245eb34b3c2b874fbf4b3e3dfc3cb0e) Importer(815301076,1909f56bfc062723c751e8b465ee728b)  -> (artifact id: 'e3a68424b29f3ed6b2b09463b329899f') in 0.047360 seconds 
========================================================================
Received Import Request.
  Time since last request: 0.000034 seconds.
  path: Assets/Sprites/BillyNoMates/Kick B (1).png
  artifactKey: Guid(8176af91b139287409da59aea236d175) Importer(815301076,1909f56bfc062723c751e8b465ee728b)
Start importing Assets/Sprites/BillyNoMates/Kick B (1).png using Guid(8176af91b139287409da59aea236d175) Importer(815301076,1909f56bfc062723c751e8b465ee728b)  -> (artifact id: 'f1cb44060efb960dd8cd95171416512e') in 0.034385 seconds 
========================================================================
Received Import Request.
  Time since last request: 0.000024 seconds.
  path: Assets/Sprites/BillyNoMates/Headbutt (1).png
  artifactKey: Guid(92d192c2954451940abffe2bf4afae72) Importer(815301076,1909f56bfc062723c751e8b465ee728b)
Start importing Assets/Sprites/BillyNoMates/Headbutt (1).png using Guid(92d192c2954451940abffe2bf4afae72) Importer(815301076,1909f56bfc062723c751e8b465ee728b)  -> (artifact id: '7af54f7e2cd4cc44281d8a9c7e5a12d4') in 0.034166 seconds 
========================================================================
Received Import Request.
  Time since last request: 0.000018 seconds.
  path: Assets/Sprites/BillyNoMates/Jump Attack B (1).png
  artifactKey: Guid(e178a36539397b04db95a6e6a1ba7e50) Importer(815301076,1909f56bfc062723c751e8b465ee728b)
Start importing Assets/Sprites/BillyNoMates/Jump Attack B (1).png using Guid(e178a36539397b04db95a6e6a1ba7e50) Importer(815301076,1909f56bfc062723c751e8b465ee728b)  -> (artifact id: '5b23ef0ae9014fd3f71d63ba90066961') in 0.037728 seconds 
========================================================================
Received Import Request.
  Time since last request: 0.000024 seconds.
  path: Assets/Sprites/BillyNoMates/12Punch A (1).png
  artifactKey: Guid(81b4bf5f88d1bef4e9a8cff672a94d79) Importer(815301076,1909f56bfc062723c751e8b465ee728b)
Start importing Assets/Sprites/BillyNoMates/12Punch A (1).png using Guid(81b4bf5f88d1bef4e9a8cff672a94d79) Importer(815301076,1909f56bfc062723c751e8b465ee728b)  -> (artifact id: '1a9997bda810954168ccb3315cef9994') in 0.037661 seconds 
